3.1196 	WARNING 	We strongly recommend you activate the PTB sound engine in PsychoPy prefs as the preferred audio engine. Its timing is vastly superior. Your prefs are currently set to use ['sounddevice', 'PTB', 'pyo', 'pygame'] (in that order).
11.7105 	WARNING 	User requested fullscreen with size [1536  864], but screen is actually [1920, 1080]. Using actual size
15.1870 	WARNING 	Couldn't measure a consistent frame rate!
  - Is your graphics card set to sync to vertical blank?
  - Are you running other processes on your computer?

15.1876 	EXP 	Created window1 = Window(allowGUI=True, allowStencil=False, autoLog=True, backendConf=UNKNOWN, bitsMode=UNKNOWN, blendMode='avg', bpc=(8, 8, 8), color=array([1, 1, 1]), colorSpace='rgb', depthBits=8, fullscr=<method-wrapper '__getattribute__' of attributeSetter object at 0x000001DCCCD2A250>, gamma=None, gammaErrorPolicy='raise', lms=UNKNOWN, monitor=<psychopy.monitors.calibTools.Monitor object at 0x000001DCD14A0760>, multiSample=False, name='window1', numSamples=2, pos=(0, 0), screen=0, size=array([1920, 1080]), stencilBits=0, stereo=False, units='height', useFBO=True, useRetina=False, viewOri=0.0, viewPos=None, viewScale=None, waitBlanking=True, winType='pyglet')
15.1877 	EXP 	window1: mouseVisible = True
15.1878 	EXP 	window1: mouseVisible = False
15.1879 	EXP 	window1: Attempting to measure frame rate of screen (0) ...
15.1879 	EXP 	window1: recordFrameIntervals = False
15.3562 	EXP 	window1: recordFrameIntervals = True
15.4771 	WARNING 	t of last frame was 21.70ms (=1/46)
15.5066 	WARNING 	t of last frame was 21.33ms (=1/46)
15.5769 	WARNING 	t of last frame was 21.74ms (=1/45)
15.6058 	WARNING 	t of last frame was 20.37ms (=1/49)
15.6771 	WARNING 	Multiple dropped frames have occurred - I'll stop bothering you about them!
17.0551 	WARNING 	Couldn't measure a consistent frame rate!
  - Is your graphics card set to sync to vertical blank?
  - Are you running other processes on your computer?

21.0027 	EXP 	Created image_introduction = ImageStim(__class__=<class 'psychopy.visual.image.ImageStim'>, anchor=('center', 'center'), autoLog=True, color=array([1, 1, 1]), colorSpace='rgb', contrast=1.0, depth=0.0, flipHoriz=False, flipVert=False, image='images/introduction_text_image.png', interpolate=True, mask=None, maskParams=None, name='image_introduction', opacity=1.0, ori=0.0, pos=array([0., 0.]), size=array([1., 1.]), texRes=128.0, units='height', win=Window(...))
21.0137 	EXP 	Created image = ImageStim(__class__=<class 'psychopy.visual.image.ImageStim'>, anchor=('center', 'center'), autoLog=True, color=array([1, 1, 1]), colorSpace='rgb', contrast=1.0, depth=-1.0, flipHoriz=False, flipVert=False, image='sin', interpolate=True, mask=None, maskParams=None, name='image', opacity=1.0, ori=0.0, pos=array([0., 0.]), size=array([0.5, 0.5]), texRes=128.0, units='height', win=Window(...))
21.0788 	EXP 	Created text = TextStim(__class__=<class 'psychopy.visual.text.TextStim'>, alignHoriz=method-wrapper(...), alignText='center', alignVert=method-wrapper(...), anchorHoriz='center', anchorVert='center', antialias=True, autoDraw=False, autoLog=True, bold=False, color=array([-1, -1, -1]), colorSpace='rgb', contrast=1.0, depth=-2.0, flipHoriz=False, flipVert=False, font='Arial', fontFiles=[], height=0.05, italic=False, languageStyle='Arabic', name='text', opacity=1.0, ori=0.0, pos=array([ 0. , -0.3]), rgb=UNKNOWN, text='', units='height', win=Window(...), wrapWidth=1)
21.1107 	EXP 	Sound stop_voice_audio set volume 1.000
21.1150 	EXP 	Created feedback_text_component = TextStim(__class__=<class 'psychopy.visual.text.TextStim'>, alignHoriz=method-wrapper(...), alignText='center', alignVert=method-wrapper(...), anchorHoriz='center', anchorVert='center', antialias=True, autoDraw=False, autoLog=True, bold=False, color=array([-1, -1, -1]), colorSpace='rgb', contrast=1.0, depth=-1.0, flipHoriz=False, flipVert=False, font='Arial', fontFiles=[], height=0.05, italic=False, languageStyle='Arabic', name='feedback_text_component', opacity=1.0, ori=0.0, pos=array([0., 0.]), rgb=UNKNOWN, text='', units='height', win=Window(...), wrapWidth=1)
21.2344 	EXP 	Created plus_image = ImageStim(__class__=<class 'psychopy.visual.image.ImageStim'>, anchor=('center', 'center'), autoLog=True, color=array([1, 1, 1]), colorSpace='rgb', contrast=1.0, depth=0.0, flipHoriz=False, flipVert=False, image='images/172525_plus_icon.png', interpolate=True, mask=None, maskParams=None, name='plus_image', opacity=1.0, ori=0.0, pos=array([0., 0.]), size=array([0.06, 0.06]), texRes=128.0, units='height', win=Window(...))
21.2459 	EXP 	Created image_2 = ImageStim(__class__=<class 'psychopy.visual.image.ImageStim'>, anchor=('center', 'center'), autoLog=True, color=array([1, 1, 1]), colorSpace='rgb', contrast=1.0, depth=0.0, flipHoriz=False, flipVert=False, image='sin', interpolate=True, mask=None, maskParams=None, name='image_2', opacity=1.0, ori=0.0, pos=array([0., 0.]), size=array([0.5, 0.5]), texRes=128.0, units='height', win=Window(...))
21.2461 	EXP 	Sound stop_voice_audio_2 set volume 1.000
21.3392 	EXP 	Created plus_image = ImageStim(__class__=<class 'psychopy.visual.image.ImageStim'>, anchor=('center', 'center'), autoLog=True, color=array([1, 1, 1]), colorSpace='rgb', contrast=1.0, depth=0.0, flipHoriz=False, flipVert=False, image='images/172525_plus_icon.png', interpolate=True, mask=None, maskParams=None, name='plus_image', opacity=1.0, ori=0.0, pos=array([0., 0.]), size=array([0.06, 0.06]), texRes=128.0, units='height', win=Window(...))
21.4844 	EXP 	Created text_2 = TextStim(__class__=<class 'psychopy.visual.text.TextStim'>, alignHoriz=method-wrapper(...), alignText='center', alignVert=method-wrapper(...), anchorHoriz='center', anchorVert='center', antialias=True, autoDraw=False, autoLog=True, bold=False, color=array([-1, -1, -1]), colorSpace='rgb', contrast=1.0, depth=0.0, flipHoriz=False, flipVert=False, font='Arial', fontFiles=[], height=0.04, italic=False, languageStyle='Arabic', name='text_2', opacity=1.0, ori=0.0, pos=array([0., 0.]), rgb=UNKNOWN, text=str(...), units='height', win=Window(...), wrapWidth=1)
21.4962 	EXP 	image_introduction: autoDraw = True
43.4762 	EXP 	Imported conditions.csv as conditions, 8 conditions, 4 params
43.4769 	EXP 	Created sequence: random, trialTypes=8, nReps=4, seed=None
43.4774 	EXP 	New trial (rep=0, index=0): OrderedDict([('cue_image', 'images/circle'), ('image_text', 'right'), ('stop_voice_flag', 0), ('corr_resp', 'right')])
43.5260 	WARNING 	Requested image 'images/circle' not found but similar filename 'images/circle.png' exists. This will be used instead but changing the filename is advised.
43.6615 	DATA 	Keypress: right
43.6740 	EXP 	image_introduction: autoDraw = False
43.6740 	EXP 	image: image = 'images/circle'
43.6740 	EXP 	text: height = 0.05
43.6740 	EXP 	text: height = 0.05
43.6740 	EXP 	text: height = 0.05
43.6740 	EXP 	text: text = 'راست'
43.6740 	EXP 	image: autoDraw = True
43.6740 	EXP 	text: autoDraw = True
44.5165 	DATA 	Keypress: right
44.5227 	EXP 	image: autoDraw = False
44.5227 	EXP 	text: autoDraw = False
44.5227 	EXP 	feedback_text_component: foreColor = 'green'
44.5227 	EXP 	feedback_text_component: height = 0.05
44.5227 	EXP 	feedback_text_component: height = 0.05
44.5227 	EXP 	feedback_text_component: height = 0.05
44.5227 	EXP 	feedback_text_component: text = 'درست'
44.5227 	EXP 	feedback_text_component: autoDraw = True
45.5277 	EXP 	feedback_text_component: autoDraw = False
45.5277 	EXP 	plus_image: autoDraw = True
46.5151 	EXP 	New trial (rep=0, index=1): OrderedDict([('cue_image', 'images/square'), ('image_text', 'No'), ('stop_voice_flag', 1), ('corr_resp', 'None')])
46.5159 	WARNING 	Requested image 'images/square' not found but similar filename 'images/square.png' exists. This will be used instead but changing the filename is advised.
46.6670 	EXP 	plus_image: autoDraw = False
46.6670 	EXP 	image: image = 'images/square'
46.6670 	EXP 	text: height = 0.05
46.6670 	EXP 	text: height = 0.05
46.6670 	EXP 	text: height = 0.05
46.6670 	EXP 	text: text = 'هیچ'
46.6670 	EXP 	image: autoDraw = True
46.6670 	EXP 	text: autoDraw = True
47.6801 	EXP 	image: autoDraw = False
47.6801 	EXP 	text: autoDraw = False
48.6988 	EXP 	image: autoDraw = False
48.6988 	EXP 	text: autoDraw = False
48.6988 	EXP 	feedback_text_component: foreColor = 'green'
48.6988 	EXP 	feedback_text_component: height = 0.05
48.6988 	EXP 	feedback_text_component: height = 0.05
48.6988 	EXP 	feedback_text_component: height = 0.05
48.6988 	EXP 	feedback_text_component: text = 'درست'
48.6988 	EXP 	feedback_text_component: autoDraw = True
49.6933 	EXP 	feedback_text_component: autoDraw = False
49.6933 	EXP 	plus_image: autoDraw = True
50.6851 	EXP 	New trial (rep=0, index=2): OrderedDict([('cue_image', 'images/circle'), ('image_text', 'right'), ('stop_voice_flag', 0), ('corr_resp', 'right')])
50.6860 	WARNING 	Requested image 'images/circle' not found but similar filename 'images/circle.png' exists. This will be used instead but changing the filename is advised.
50.7284 	EXP 	plus_image: autoDraw = False
50.7284 	EXP 	image: image = 'images/circle'
50.7284 	EXP 	text: height = 0.05
50.7284 	EXP 	text: height = 0.05
50.7284 	EXP 	text: height = 0.05
50.7284 	EXP 	text: text = 'راست'
50.7284 	EXP 	image: autoDraw = True
50.7284 	EXP 	text: autoDraw = True
51.3753 	DATA 	Keypress: right
51.3820 	EXP 	image: autoDraw = False
51.3820 	EXP 	text: autoDraw = False
51.3820 	EXP 	feedback_text_component: foreColor = 'green'
51.3820 	EXP 	feedback_text_component: height = 0.05
51.3820 	EXP 	feedback_text_component: height = 0.05
51.3820 	EXP 	feedback_text_component: height = 0.05
51.3820 	EXP 	feedback_text_component: text = 'درست'
51.3820 	EXP 	feedback_text_component: autoDraw = True
52.3804 	EXP 	feedback_text_component: autoDraw = False
52.3804 	EXP 	plus_image: autoDraw = True
53.3818 	EXP 	New trial (rep=0, index=3): OrderedDict([('cue_image', 'images/circle'), ('image_text', 'right'), ('stop_voice_flag', 0), ('corr_resp', 'right')])
53.3828 	WARNING 	Requested image 'images/circle' not found but similar filename 'images/circle.png' exists. This will be used instead but changing the filename is advised.
53.4241 	EXP 	plus_image: autoDraw = False
53.4241 	EXP 	image: image = 'images/circle'
53.4241 	EXP 	text: height = 0.05
53.4241 	EXP 	text: height = 0.05
53.4241 	EXP 	text: height = 0.05
53.4241 	EXP 	text: text = 'راست'
53.4241 	EXP 	image: autoDraw = True
53.4241 	EXP 	text: autoDraw = True
54.2856 	DATA 	Keypress: left
54.3336 	EXP 	image: autoDraw = False
54.3336 	EXP 	text: autoDraw = False
54.3336 	EXP 	feedback_text_component: foreColor = 'red'
54.3336 	EXP 	feedback_text_component: height = 0.05
54.3336 	EXP 	feedback_text_component: height = 0.05
54.3336 	EXP 	feedback_text_component: height = 0.05
54.3336 	EXP 	feedback_text_component: text = 'نادرست'
54.3336 	EXP 	feedback_text_component: autoDraw = True
55.3217 	EXP 	feedback_text_component: autoDraw = False
55.3217 	EXP 	plus_image: autoDraw = True
56.3238 	EXP 	New trial (rep=0, index=4): OrderedDict([('cue_image', 'images/circle'), ('image_text', 'No'), ('stop_voice_flag', 1), ('corr_resp', 'None')])
56.3245 	WARNING 	Requested image 'images/circle' not found but similar filename 'images/circle.png' exists. This will be used instead but changing the filename is advised.
56.3637 	EXP 	plus_image: autoDraw = False
56.3637 	EXP 	image: image = 'images/circle'
56.3637 	EXP 	text: height = 0.05
56.3637 	EXP 	text: height = 0.05
56.3637 	EXP 	text: height = 0.05
56.3637 	EXP 	text: text = 'هیچ'
56.3637 	EXP 	image: autoDraw = True
56.3637 	EXP 	text: autoDraw = True
57.3769 	EXP 	image: autoDraw = False
57.3769 	EXP 	text: autoDraw = False
58.3840 	EXP 	image: autoDraw = False
58.3840 	EXP 	text: autoDraw = False
58.3840 	EXP 	feedback_text_component: foreColor = 'green'
58.3840 	EXP 	feedback_text_component: height = 0.05
58.3840 	EXP 	feedback_text_component: height = 0.05
58.3840 	EXP 	feedback_text_component: height = 0.05
58.3840 	EXP 	feedback_text_component: text = 'درست'
58.3840 	EXP 	feedback_text_component: autoDraw = True
59.3830 	EXP 	feedback_text_component: autoDraw = False
59.3830 	EXP 	plus_image: autoDraw = True
60.3734 	EXP 	New trial (rep=0, index=5): OrderedDict([('cue_image', 'images/square'), ('image_text', 'left'), ('stop_voice_flag', 0), ('corr_resp', 'left')])
60.3747 	WARNING 	Requested image 'images/square' not found but similar filename 'images/square.png' exists. This will be used instead but changing the filename is advised.
60.4187 	EXP 	plus_image: autoDraw = False
60.4187 	EXP 	image: image = 'images/square'
60.4187 	EXP 	text: height = 0.05
60.4187 	EXP 	text: height = 0.05
60.4187 	EXP 	text: height = 0.05
60.4187 	EXP 	text: text = 'چپ'
60.4187 	EXP 	image: autoDraw = True
60.4187 	EXP 	text: autoDraw = True
61.2950 	DATA 	Keypress: left
61.3026 	EXP 	image: autoDraw = False
61.3026 	EXP 	text: autoDraw = False
61.3026 	EXP 	feedback_text_component: foreColor = 'green'
61.3026 	EXP 	feedback_text_component: height = 0.05
61.3026 	EXP 	feedback_text_component: height = 0.05
61.3026 	EXP 	feedback_text_component: height = 0.05
61.3026 	EXP 	feedback_text_component: text = 'درست'
61.3026 	EXP 	feedback_text_component: autoDraw = True
62.3011 	EXP 	feedback_text_component: autoDraw = False
62.3011 	EXP 	plus_image: autoDraw = True
63.3015 	EXP 	New trial (rep=0, index=6): OrderedDict([('cue_image', 'images/square'), ('image_text', 'left'), ('stop_voice_flag', 0), ('corr_resp', 'left')])
63.3021 	WARNING 	Requested image 'images/square' not found but similar filename 'images/square.png' exists. This will be used instead but changing the filename is advised.
63.3437 	EXP 	plus_image: autoDraw = False
63.3437 	EXP 	image: image = 'images/square'
63.3437 	EXP 	text: height = 0.05
63.3437 	EXP 	text: height = 0.05
63.3437 	EXP 	text: height = 0.05
63.3437 	EXP 	text: text = 'چپ'
63.3437 	EXP 	image: autoDraw = True
63.3437 	EXP 	text: autoDraw = True
64.3506 	EXP 	image: autoDraw = False
64.3506 	EXP 	text: autoDraw = False
65.3774 	EXP 	image: autoDraw = False
65.3774 	EXP 	text: autoDraw = False
65.3774 	EXP 	feedback_text_component: foreColor = 'red'
65.3774 	EXP 	feedback_text_component: height = 0.05
65.3774 	EXP 	feedback_text_component: height = 0.05
65.3774 	EXP 	feedback_text_component: height = 0.05
65.3774 	EXP 	feedback_text_component: text = 'نادرست'
65.3774 	EXP 	feedback_text_component: autoDraw = True
66.3845 	EXP 	feedback_text_component: autoDraw = False
66.3845 	EXP 	plus_image: autoDraw = True
67.3832 	EXP 	New trial (rep=0, index=7): OrderedDict([('cue_image', 'images/square'), ('image_text', 'left'), ('stop_voice_flag', 0), ('corr_resp', 'left')])
67.3843 	WARNING 	Requested image 'images/square' not found but similar filename 'images/square.png' exists. This will be used instead but changing the filename is advised.
67.4304 	EXP 	plus_image: autoDraw = False
67.4304 	EXP 	image: image = 'images/square'
67.4304 	EXP 	text: height = 0.05
67.4304 	EXP 	text: height = 0.05
67.4304 	EXP 	text: height = 0.05
67.4304 	EXP 	text: text = 'چپ'
67.4304 	EXP 	image: autoDraw = True
67.4304 	EXP 	text: autoDraw = True
68.4296 	EXP 	image: autoDraw = False
68.4296 	EXP 	text: autoDraw = False
69.4628 	EXP 	image: autoDraw = False
69.4628 	EXP 	text: autoDraw = False
69.4628 	EXP 	feedback_text_component: foreColor = 'red'
69.4628 	EXP 	feedback_text_component: height = 0.05
69.4628 	EXP 	feedback_text_component: height = 0.05
69.4628 	EXP 	feedback_text_component: height = 0.05
69.4628 	EXP 	feedback_text_component: text = 'نادرست'
69.4628 	EXP 	feedback_text_component: autoDraw = True
70.4606 	EXP 	feedback_text_component: autoDraw = False
70.4606 	EXP 	plus_image: autoDraw = True
71.4458 	EXP 	New trial (rep=1, index=0): OrderedDict([('cue_image', 'images/circle'), ('image_text', 'right'), ('stop_voice_flag', 0), ('corr_resp', 'right')])
71.4493 	WARNING 	Requested image 'images/circle' not found but similar filename 'images/circle.png' exists. This will be used instead but changing the filename is advised.
71.5071 	EXP 	plus_image: autoDraw = False
71.5071 	EXP 	image: image = 'images/circle'
71.5071 	EXP 	text: height = 0.05
71.5071 	EXP 	text: height = 0.05
71.5071 	EXP 	text: height = 0.05
71.5071 	EXP 	text: text = 'راست'
71.5071 	EXP 	image: autoDraw = True
71.5071 	EXP 	text: autoDraw = True
72.5239 	EXP 	image: autoDraw = False
72.5239 	EXP 	text: autoDraw = False
73.5332 	EXP 	image: autoDraw = False
73.5332 	EXP 	text: autoDraw = False
73.5332 	EXP 	feedback_text_component: foreColor = 'red'
73.5332 	EXP 	feedback_text_component: height = 0.05
73.5332 	EXP 	feedback_text_component: height = 0.05
73.5332 	EXP 	feedback_text_component: height = 0.05
73.5332 	EXP 	feedback_text_component: text = 'نادرست'
73.5332 	EXP 	feedback_text_component: autoDraw = True
74.5390 	EXP 	feedback_text_component: autoDraw = False
74.5390 	EXP 	plus_image: autoDraw = True
75.5407 	EXP 	New trial (rep=1, index=1): OrderedDict([('cue_image', 'images/circle'), ('image_text', 'No'), ('stop_voice_flag', 1), ('corr_resp', 'None')])
75.5415 	WARNING 	Requested image 'images/circle' not found but similar filename 'images/circle.png' exists. This will be used instead but changing the filename is advised.
75.5914 	EXP 	plus_image: autoDraw = False
75.5914 	EXP 	image: image = 'images/circle'
75.5914 	EXP 	text: height = 0.05
75.5914 	EXP 	text: height = 0.05
75.5914 	EXP 	text: height = 0.05
75.5914 	EXP 	text: text = 'هیچ'
75.5914 	EXP 	image: autoDraw = True
75.5914 	EXP 	text: autoDraw = True
76.5879 	EXP 	image: autoDraw = False
76.5879 	EXP 	text: autoDraw = False
77.6276 	EXP 	image: autoDraw = False
77.6276 	EXP 	text: autoDraw = False
77.6276 	EXP 	feedback_text_component: foreColor = 'green'
77.6276 	EXP 	feedback_text_component: height = 0.05
77.6276 	EXP 	feedback_text_component: height = 0.05
77.6276 	EXP 	feedback_text_component: height = 0.05
77.6276 	EXP 	feedback_text_component: text = 'درست'
77.6276 	EXP 	feedback_text_component: autoDraw = True
78.6330 	EXP 	feedback_text_component: autoDraw = False
78.6330 	EXP 	plus_image: autoDraw = True
79.6202 	EXP 	New trial (rep=1, index=2): OrderedDict([('cue_image', 'images/square'), ('image_text', 'left'), ('stop_voice_flag', 0), ('corr_resp', 'left')])
79.6211 	WARNING 	Requested image 'images/square' not found but similar filename 'images/square.png' exists. This will be used instead but changing the filename is advised.
79.6665 	EXP 	plus_image: autoDraw = False
79.6665 	EXP 	image: image = 'images/square'
79.6665 	EXP 	text: height = 0.05
79.6665 	EXP 	text: height = 0.05
79.6665 	EXP 	text: height = 0.05
79.6665 	EXP 	text: text = 'چپ'
79.6665 	EXP 	image: autoDraw = True
79.6665 	EXP 	text: autoDraw = True
80.6674 	EXP 	image: autoDraw = False
80.6674 	EXP 	text: autoDraw = False
81.6922 	EXP 	image: autoDraw = False
81.6922 	EXP 	text: autoDraw = False
81.6922 	EXP 	feedback_text_component: foreColor = 'red'
81.6922 	EXP 	feedback_text_component: height = 0.05
81.6922 	EXP 	feedback_text_component: height = 0.05
81.6922 	EXP 	feedback_text_component: height = 0.05
81.6922 	EXP 	feedback_text_component: text = 'نادرست'
81.6922 	EXP 	feedback_text_component: autoDraw = True
82.7024 	EXP 	feedback_text_component: autoDraw = False
82.7024 	EXP 	plus_image: autoDraw = True
83.6882 	EXP 	New trial (rep=1, index=3): OrderedDict([('cue_image', 'images/square'), ('image_text', 'left'), ('stop_voice_flag', 0), ('corr_resp', 'left')])
83.6893 	WARNING 	Requested image 'images/square' not found but similar filename 'images/square.png' exists. This will be used instead but changing the filename is advised.
83.7306 	EXP 	plus_image: autoDraw = False
83.7306 	EXP 	image: image = 'images/square'
83.7306 	EXP 	text: height = 0.05
83.7306 	EXP 	text: height = 0.05
83.7306 	EXP 	text: height = 0.05
83.7306 	EXP 	text: text = 'چپ'
83.7306 	EXP 	image: autoDraw = True
83.7306 	EXP 	text: autoDraw = True
84.4742 	DATA 	Keypress: left
84.4810 	EXP 	image: autoDraw = False
84.4810 	EXP 	text: autoDraw = False
84.4810 	EXP 	feedback_text_component: foreColor = 'green'
84.4810 	EXP 	feedback_text_component: height = 0.05
84.4810 	EXP 	feedback_text_component: height = 0.05
84.4810 	EXP 	feedback_text_component: height = 0.05
84.4810 	EXP 	feedback_text_component: text = 'درست'
84.4810 	EXP 	feedback_text_component: autoDraw = True
85.4823 	EXP 	feedback_text_component: autoDraw = False
85.4823 	EXP 	plus_image: autoDraw = True
86.4846 	EXP 	New trial (rep=1, index=4): OrderedDict([('cue_image', 'images/square'), ('image_text', 'left'), ('stop_voice_flag', 0), ('corr_resp', 'left')])
86.4859 	WARNING 	Requested image 'images/square' not found but similar filename 'images/square.png' exists. This will be used instead but changing the filename is advised.
86.5270 	EXP 	plus_image: autoDraw = False
86.5270 	EXP 	image: image = 'images/square'
86.5270 	EXP 	text: height = 0.05
86.5270 	EXP 	text: height = 0.05
86.5270 	EXP 	text: height = 0.05
86.5270 	EXP 	text: text = 'چپ'
86.5270 	EXP 	image: autoDraw = True
86.5270 	EXP 	text: autoDraw = True
87.2950 	DATA 	Keypress: left
87.3024 	EXP 	image: autoDraw = False
87.3024 	EXP 	text: autoDraw = False
87.3024 	EXP 	feedback_text_component: foreColor = 'green'
87.3024 	EXP 	feedback_text_component: height = 0.05
87.3024 	EXP 	feedback_text_component: height = 0.05
87.3024 	EXP 	feedback_text_component: height = 0.05
87.3024 	EXP 	feedback_text_component: text = 'درست'
87.3024 	EXP 	feedback_text_component: autoDraw = True
88.2936 	EXP 	feedback_text_component: autoDraw = False
88.2936 	EXP 	plus_image: autoDraw = True
89.2945 	EXP 	New trial (rep=1, index=5): OrderedDict([('cue_image', 'images/square'), ('image_text', 'No'), ('stop_voice_flag', 1), ('corr_resp', 'None')])
89.2955 	WARNING 	Requested image 'images/square' not found but similar filename 'images/square.png' exists. This will be used instead but changing the filename is advised.
89.3375 	EXP 	plus_image: autoDraw = False
89.3375 	EXP 	image: image = 'images/square'
89.3375 	EXP 	text: height = 0.05
89.3375 	EXP 	text: height = 0.05
89.3375 	EXP 	text: height = 0.05
89.3375 	EXP 	text: text = 'هیچ'
89.3375 	EXP 	image: autoDraw = True
89.3375 	EXP 	text: autoDraw = True
90.3577 	EXP 	image: autoDraw = False
90.3577 	EXP 	text: autoDraw = False
91.3564 	EXP 	image: autoDraw = False
91.3564 	EXP 	text: autoDraw = False
91.3564 	EXP 	feedback_text_component: foreColor = 'green'
91.3564 	EXP 	feedback_text_component: height = 0.05
91.3564 	EXP 	feedback_text_component: height = 0.05
91.3564 	EXP 	feedback_text_component: height = 0.05
91.3564 	EXP 	feedback_text_component: text = 'درست'
91.3564 	EXP 	feedback_text_component: autoDraw = True
92.3558 	EXP 	feedback_text_component: autoDraw = False
92.3558 	EXP 	plus_image: autoDraw = True
93.3425 	EXP 	New trial (rep=1, index=6): OrderedDict([('cue_image', 'images/circle'), ('image_text', 'right'), ('stop_voice_flag', 0), ('corr_resp', 'right')])
93.3431 	WARNING 	Requested image 'images/circle' not found but similar filename 'images/circle.png' exists. This will be used instead but changing the filename is advised.
93.3883 	EXP 	plus_image: autoDraw = False
93.3883 	EXP 	image: image = 'images/circle'
93.3883 	EXP 	text: height = 0.05
93.3883 	EXP 	text: height = 0.05
93.3883 	EXP 	text: height = 0.05
93.3883 	EXP 	text: text = 'راست'
93.3883 	EXP 	image: autoDraw = True
93.3883 	EXP 	text: autoDraw = True
94.0597 	DATA 	Keypress: right
94.0683 	EXP 	image: autoDraw = False
94.0683 	EXP 	text: autoDraw = False
94.0683 	EXP 	feedback_text_component: foreColor = 'green'
94.0683 	EXP 	feedback_text_component: height = 0.05
94.0683 	EXP 	feedback_text_component: height = 0.05
94.0683 	EXP 	feedback_text_component: height = 0.05
94.0683 	EXP 	feedback_text_component: text = 'درست'
94.0683 	EXP 	feedback_text_component: autoDraw = True
95.0536 	EXP 	feedback_text_component: autoDraw = False
95.0536 	EXP 	plus_image: autoDraw = True
96.0563 	EXP 	New trial (rep=1, index=7): OrderedDict([('cue_image', 'images/circle'), ('image_text', 'right'), ('stop_voice_flag', 0), ('corr_resp', 'right')])
96.0574 	WARNING 	Requested image 'images/circle' not found but similar filename 'images/circle.png' exists. This will be used instead but changing the filename is advised.
96.1064 	EXP 	plus_image: autoDraw = False
96.1064 	EXP 	image: image = 'images/circle'
96.1064 	EXP 	text: height = 0.05
96.1064 	EXP 	text: height = 0.05
96.1064 	EXP 	text: height = 0.05
96.1064 	EXP 	text: text = 'راست'
96.1064 	EXP 	image: autoDraw = True
96.1064 	EXP 	text: autoDraw = True
97.0397 	DATA 	Keypress: right
97.0465 	EXP 	image: autoDraw = False
97.0465 	EXP 	text: autoDraw = False
97.0465 	EXP 	feedback_text_component: foreColor = 'green'
97.0465 	EXP 	feedback_text_component: height = 0.05
97.0465 	EXP 	feedback_text_component: height = 0.05
97.0465 	EXP 	feedback_text_component: height = 0.05
97.0465 	EXP 	feedback_text_component: text = 'درست'
97.0465 	EXP 	feedback_text_component: autoDraw = True
98.0497 	EXP 	feedback_text_component: autoDraw = False
98.0497 	EXP 	plus_image: autoDraw = True
99.0370 	EXP 	New trial (rep=2, index=0): OrderedDict([('cue_image', 'images/circle'), ('image_text', 'right'), ('stop_voice_flag', 0), ('corr_resp', 'right')])
99.0394 	WARNING 	Requested image 'images/circle' not found but similar filename 'images/circle.png' exists. This will be used instead but changing the filename is advised.
99.0865 	EXP 	plus_image: autoDraw = False
99.0865 	EXP 	image: image = 'images/circle'
99.0865 	EXP 	text: height = 0.05
99.0865 	EXP 	text: height = 0.05
99.0865 	EXP 	text: height = 0.05
99.0865 	EXP 	text: text = 'راست'
99.0865 	EXP 	image: autoDraw = True
99.0865 	EXP 	text: autoDraw = True
100.0819 	EXP 	image: autoDraw = False
100.0819 	EXP 	text: autoDraw = False
100.6891 	DATA 	Keypress: escape
101.6265 	EXP 	window1: mouseVisible = True
