2.9727 	WARNING 	We strongly recommend you activate the PTB sound engine in PsychoPy prefs as the preferred audio engine. Its timing is vastly superior. Your prefs are currently set to use ['sounddevice', 'PTB', 'pyo', 'pygame'] (in that order).
21.8350 	WARNING 	User requested fullscreen with size [1536  864], but screen is actually [1920, 1080]. Using actual size
25.3426 	WARNING 	Couldn't measure a consistent frame rate!
  - Is your graphics card set to sync to vertical blank?
  - Are you running other processes on your computer?

25.3431 	EXP 	Created window1 = Window(allowGUI=True, allowStencil=False, autoLog=True, backendConf=UNKNOWN, bitsMode=UNKNOWN, blendMode='avg', bpc=(8, 8, 8), color=array([1, 1, 1]), colorSpace='rgb', depthBits=8, fullscr=<method-wrapper '__getattribute__' of attributeSetter object at 0x0000015F7ECBA220>, gamma=None, gammaErrorPolicy='raise', lms=UNKNOWN, monitor=<psychopy.monitors.calibTools.Monitor object at 0x0000015F037DF700>, multiSample=False, name='window1', numSamples=2, pos=(0, 0), screen=0, size=array([1920, 1080]), stencilBits=0, stereo=False, units='height', useFBO=True, useRetina=False, viewOri=0.0, viewPos=None, viewScale=None, waitBlanking=True, winType='pyglet')
25.3435 	EXP 	window1: mouseVisible = True
25.3438 	EXP 	window1: mouseVisible = False
25.3438 	EXP 	window1: Attempting to measure frame rate of screen (0) ...
25.3438 	EXP 	window1: recordFrameIntervals = False
25.5281 	EXP 	window1: recordFrameIntervals = True
25.5802 	WARNING 	t of last frame was 22.45ms (=1/44)
25.6095 	WARNING 	t of last frame was 20.42ms (=1/48)
25.6798 	WARNING 	t of last frame was 21.89ms (=1/45)
25.7727 	WARNING 	t of last frame was 31.62ms (=1/31)
25.8102 	WARNING 	Multiple dropped frames have occurred - I'll stop bothering you about them!
27.2580 	WARNING 	Couldn't measure a consistent frame rate!
  - Is your graphics card set to sync to vertical blank?
  - Are you running other processes on your computer?

31.1997 	EXP 	Created image_introduction = ImageStim(__class__=<class 'psychopy.visual.image.ImageStim'>, anchor=('center', 'center'), autoLog=True, color=array([1, 1, 1]), colorSpace='rgb', contrast=1.0, depth=0.0, flipHoriz=False, flipVert=False, image='images/introduction_text_image.png', interpolate=True, mask=None, maskParams=None, name='image_introduction', opacity=1.0, ori=0.0, pos=array([0., 0.]), size=array([1., 1.]), texRes=128.0, units='height', win=Window(...))
31.2101 	EXP 	Created image = ImageStim(__class__=<class 'psychopy.visual.image.ImageStim'>, anchor=('center', 'center'), autoLog=True, color=array([1, 1, 1]), colorSpace='rgb', contrast=1.0, depth=-1.0, flipHoriz=False, flipVert=False, image='sin', interpolate=True, mask=None, maskParams=None, name='image', opacity=1.0, ori=0.0, pos=array([0., 0.]), size=array([0.5, 0.5]), texRes=128.0, units='height', win=Window(...))
31.2707 	EXP 	Created text = TextStim(__class__=<class 'psychopy.visual.text.TextStim'>, alignHoriz=method-wrapper(...), alignText='center', alignVert=method-wrapper(...), anchorHoriz='center', anchorVert='center', antialias=True, autoDraw=False, autoLog=True, bold=False, color=array([-1, -1, -1]), colorSpace='rgb', contrast=1.0, depth=-2.0, flipHoriz=False, flipVert=False, font='Arial', fontFiles=[], height=0.05, italic=False, languageStyle='Arabic', name='text', opacity=1.0, ori=0.0, pos=array([ 0. , -0.3]), rgb=UNKNOWN, text='', units='height', win=Window(...), wrapWidth=1)
31.3018 	EXP 	Sound stop_voice_audio set volume 1.000
31.3053 	EXP 	Created feedback_text_component = TextStim(__class__=<class 'psychopy.visual.text.TextStim'>, alignHoriz=method-wrapper(...), alignText='center', alignVert=method-wrapper(...), anchorHoriz='center', anchorVert='center', antialias=True, autoDraw=False, autoLog=True, bold=False, color=array([-1, -1, -1]), colorSpace='rgb', contrast=1.0, depth=-1.0, flipHoriz=False, flipVert=False, font='Arial', fontFiles=[], height=0.05, italic=False, languageStyle='Arabic', name='feedback_text_component', opacity=1.0, ori=0.0, pos=array([0., 0.]), rgb=UNKNOWN, text='', units='height', win=Window(...), wrapWidth=1)
31.4039 	EXP 	Created plus_image = ImageStim(__class__=<class 'psychopy.visual.image.ImageStim'>, anchor=('center', 'center'), autoLog=True, color=array([1, 1, 1]), colorSpace='rgb', contrast=1.0, depth=0.0, flipHoriz=False, flipVert=False, image='images/172525_plus_icon.png', interpolate=True, mask=None, maskParams=None, name='plus_image', opacity=1.0, ori=0.0, pos=array([0., 0.]), size=array([0.06, 0.06]), texRes=128.0, units='height', win=Window(...))
31.4148 	EXP 	Created image_2 = ImageStim(__class__=<class 'psychopy.visual.image.ImageStim'>, anchor=('center', 'center'), autoLog=True, color=array([1, 1, 1]), colorSpace='rgb', contrast=1.0, depth=0.0, flipHoriz=False, flipVert=False, image='sin', interpolate=True, mask=None, maskParams=None, name='image_2', opacity=1.0, ori=0.0, pos=array([0., 0.]), size=array([0.5, 0.5]), texRes=128.0, units='height', win=Window(...))
31.4149 	EXP 	Sound stop_voice_audio_2 set volume 1.000
31.5113 	EXP 	Created plus_image = ImageStim(__class__=<class 'psychopy.visual.image.ImageStim'>, anchor=('center', 'center'), autoLog=True, color=array([1, 1, 1]), colorSpace='rgb', contrast=1.0, depth=0.0, flipHoriz=False, flipVert=False, image='images/172525_plus_icon.png', interpolate=True, mask=None, maskParams=None, name='plus_image', opacity=1.0, ori=0.0, pos=array([0., 0.]), size=array([0.06, 0.06]), texRes=128.0, units='height', win=Window(...))
31.6495 	EXP 	Created text_2 = TextStim(__class__=<class 'psychopy.visual.text.TextStim'>, alignHoriz=method-wrapper(...), alignText='center', alignVert=method-wrapper(...), anchorHoriz='center', anchorVert='center', antialias=True, autoDraw=False, autoLog=True, bold=False, color=array([-1, -1, -1]), colorSpace='rgb', contrast=1.0, depth=0.0, flipHoriz=False, flipVert=False, font='Arial', fontFiles=[], height=0.04, italic=False, languageStyle='Arabic', name='text_2', opacity=1.0, ori=0.0, pos=array([0., 0.]), rgb=UNKNOWN, text=str(...), units='height', win=Window(...), wrapWidth=1)
31.6648 	EXP 	image_introduction: autoDraw = True
52.7388 	EXP 	Imported conditions.csv as conditions, 8 conditions, 4 params
52.7396 	EXP 	Created sequence: random, trialTypes=8, nReps=4, seed=None
52.7400 	EXP 	New trial (rep=0, index=0): OrderedDict([('cue_image', 'images/circle'), ('image_text', 'right'), ('stop_voice_flag', 0), ('corr_resp', 'right')])
52.7404 	WARNING 	Requested image 'images/circle' not found but similar filename 'images/circle.png' exists. This will be used instead but changing the filename is advised.
52.7996 	DATA 	Keypress: left
52.8096 	EXP 	image_introduction: autoDraw = False
52.8096 	EXP 	image: image = 'images/circle'
52.8096 	EXP 	text: height = 0.05
52.8096 	EXP 	text: height = 0.05
52.8096 	EXP 	text: height = 0.05
52.8096 	EXP 	text: text = 'راست'
52.8096 	EXP 	image: autoDraw = True
52.8096 	EXP 	text: autoDraw = True
53.5233 	DATA 	Keypress: right
53.5307 	EXP 	image: autoDraw = False
53.5307 	EXP 	text: autoDraw = False
53.5307 	EXP 	feedback_text_component: foreColor = 'green'
53.5307 	EXP 	feedback_text_component: height = 0.05
53.5307 	EXP 	feedback_text_component: height = 0.05
53.5307 	EXP 	feedback_text_component: height = 0.05
53.5307 	EXP 	feedback_text_component: text = 'درست'
53.5307 	EXP 	feedback_text_component: autoDraw = True
54.5198 	EXP 	feedback_text_component: autoDraw = False
54.5198 	EXP 	plus_image: autoDraw = True
55.5038 	EXP 	New trial (rep=0, index=1): OrderedDict([('cue_image', 'images/circle'), ('image_text', 'right'), ('stop_voice_flag', 0), ('corr_resp', 'right')])
55.5047 	WARNING 	Requested image 'images/circle' not found but similar filename 'images/circle.png' exists. This will be used instead but changing the filename is advised.
55.5422 	EXP 	plus_image: autoDraw = False
55.5422 	EXP 	image: image = 'images/circle'
55.5422 	EXP 	text: height = 0.05
55.5422 	EXP 	text: height = 0.05
55.5422 	EXP 	text: height = 0.05
55.5422 	EXP 	text: text = 'راست'
55.5422 	EXP 	image: autoDraw = True
55.5422 	EXP 	text: autoDraw = True
56.5496 	EXP 	image: autoDraw = False
56.5496 	EXP 	text: autoDraw = False
56.9664 	DATA 	Keypress: right
56.9778 	EXP 	image: autoDraw = False
56.9778 	EXP 	text: autoDraw = False
56.9778 	EXP 	feedback_text_component: foreColor = 'green'
56.9778 	EXP 	feedback_text_component: height = 0.05
56.9778 	EXP 	feedback_text_component: height = 0.05
56.9778 	EXP 	feedback_text_component: height = 0.05
56.9778 	EXP 	feedback_text_component: text = 'درست'
56.9778 	EXP 	feedback_text_component: autoDraw = True
57.9864 	EXP 	feedback_text_component: autoDraw = False
57.9864 	EXP 	plus_image: autoDraw = True
58.9659 	EXP 	New trial (rep=0, index=2): OrderedDict([('cue_image', 'images/square'), ('image_text', 'left'), ('stop_voice_flag', 0), ('corr_resp', 'left')])
58.9668 	WARNING 	Requested image 'images/square' not found but similar filename 'images/square.png' exists. This will be used instead but changing the filename is advised.
59.0147 	EXP 	plus_image: autoDraw = False
59.0147 	EXP 	image: image = 'images/square'
59.0147 	EXP 	text: height = 0.05
59.0147 	EXP 	text: height = 0.05
59.0147 	EXP 	text: height = 0.05
59.0147 	EXP 	text: text = 'چپ'
59.0147 	EXP 	image: autoDraw = True
59.0147 	EXP 	text: autoDraw = True
59.6669 	DATA 	Keypress: left
59.6831 	EXP 	image: autoDraw = False
59.6831 	EXP 	text: autoDraw = False
59.6831 	EXP 	feedback_text_component: foreColor = 'green'
59.6831 	EXP 	feedback_text_component: height = 0.05
59.6831 	EXP 	feedback_text_component: height = 0.05
59.6831 	EXP 	feedback_text_component: height = 0.05
59.6831 	EXP 	feedback_text_component: text = 'درست'
59.6831 	EXP 	feedback_text_component: autoDraw = True
60.6843 	EXP 	feedback_text_component: autoDraw = False
60.6843 	EXP 	plus_image: autoDraw = True
61.6871 	EXP 	New trial (rep=0, index=3): OrderedDict([('cue_image', 'images/square'), ('image_text', 'left'), ('stop_voice_flag', 0), ('corr_resp', 'left')])
61.6884 	WARNING 	Requested image 'images/square' not found but similar filename 'images/square.png' exists. This will be used instead but changing the filename is advised.
61.7294 	EXP 	plus_image: autoDraw = False
61.7294 	EXP 	image: image = 'images/square'
61.7294 	EXP 	text: height = 0.05
61.7294 	EXP 	text: height = 0.05
61.7294 	EXP 	text: height = 0.05
61.7294 	EXP 	text: text = 'چپ'
61.7294 	EXP 	image: autoDraw = True
61.7294 	EXP 	text: autoDraw = True
62.6045 	DATA 	Keypress: left
62.6132 	EXP 	image: autoDraw = False
62.6132 	EXP 	text: autoDraw = False
62.6132 	EXP 	feedback_text_component: foreColor = 'green'
62.6132 	EXP 	feedback_text_component: height = 0.05
62.6132 	EXP 	feedback_text_component: height = 0.05
62.6132 	EXP 	feedback_text_component: height = 0.05
62.6132 	EXP 	feedback_text_component: text = 'درست'
62.6132 	EXP 	feedback_text_component: autoDraw = True
63.6268 	EXP 	feedback_text_component: autoDraw = False
63.6268 	EXP 	plus_image: autoDraw = True
64.6251 	EXP 	New trial (rep=0, index=4): OrderedDict([('cue_image', 'images/square'), ('image_text', 'No'), ('stop_voice_flag', 1), ('corr_resp', 'None')])
64.6256 	WARNING 	Requested image 'images/square' not found but similar filename 'images/square.png' exists. This will be used instead but changing the filename is advised.
64.6681 	EXP 	plus_image: autoDraw = False
64.6681 	EXP 	image: image = 'images/square'
64.6681 	EXP 	text: height = 0.05
64.6681 	EXP 	text: height = 0.05
64.6681 	EXP 	text: height = 0.05
64.6681 	EXP 	text: text = 'هیچ'
64.6681 	EXP 	image: autoDraw = True
64.6681 	EXP 	text: autoDraw = True
65.6802 	EXP 	image: autoDraw = False
65.6802 	EXP 	text: autoDraw = False
66.6904 	EXP 	image: autoDraw = False
66.6904 	EXP 	text: autoDraw = False
66.6904 	EXP 	feedback_text_component: foreColor = 'green'
66.6904 	EXP 	feedback_text_component: height = 0.05
66.6904 	EXP 	feedback_text_component: height = 0.05
66.6904 	EXP 	feedback_text_component: height = 0.05
66.6904 	EXP 	feedback_text_component: text = 'درست'
66.6904 	EXP 	feedback_text_component: autoDraw = True
67.6902 	EXP 	feedback_text_component: autoDraw = False
67.6902 	EXP 	plus_image: autoDraw = True
68.6921 	EXP 	New trial (rep=0, index=5): OrderedDict([('cue_image', 'images/circle'), ('image_text', 'No'), ('stop_voice_flag', 1), ('corr_resp', 'None')])
68.6932 	WARNING 	Requested image 'images/circle' not found but similar filename 'images/circle.png' exists. This will be used instead but changing the filename is advised.
68.7333 	EXP 	plus_image: autoDraw = False
68.7333 	EXP 	image: image = 'images/circle'
68.7333 	EXP 	text: height = 0.05
68.7333 	EXP 	text: height = 0.05
68.7333 	EXP 	text: height = 0.05
68.7333 	EXP 	text: text = 'هیچ'
68.7333 	EXP 	image: autoDraw = True
68.7333 	EXP 	text: autoDraw = True
69.7361 	EXP 	image: autoDraw = False
69.7361 	EXP 	text: autoDraw = False
70.7682 	EXP 	image: autoDraw = False
70.7682 	EXP 	text: autoDraw = False
70.7682 	EXP 	feedback_text_component: foreColor = 'green'
70.7682 	EXP 	feedback_text_component: height = 0.05
70.7682 	EXP 	feedback_text_component: height = 0.05
70.7682 	EXP 	feedback_text_component: height = 0.05
70.7682 	EXP 	feedback_text_component: text = 'درست'
70.7682 	EXP 	feedback_text_component: autoDraw = True
71.7747 	EXP 	feedback_text_component: autoDraw = False
71.7747 	EXP 	plus_image: autoDraw = True
72.7541 	EXP 	New trial (rep=0, index=6): OrderedDict([('cue_image', 'images/square'), ('image_text', 'left'), ('stop_voice_flag', 0), ('corr_resp', 'left')])
72.7549 	WARNING 	Requested image 'images/square' not found but similar filename 'images/square.png' exists. This will be used instead but changing the filename is advised.
72.8003 	EXP 	plus_image: autoDraw = False
72.8003 	EXP 	image: image = 'images/square'
72.8003 	EXP 	text: height = 0.05
72.8003 	EXP 	text: height = 0.05
72.8003 	EXP 	text: height = 0.05
72.8003 	EXP 	text: text = 'چپ'
72.8003 	EXP 	image: autoDraw = True
72.8003 	EXP 	text: autoDraw = True
73.5383 	DATA 	Keypress: left
73.5447 	EXP 	image: autoDraw = False
73.5447 	EXP 	text: autoDraw = False
73.5447 	EXP 	feedback_text_component: foreColor = 'green'
73.5447 	EXP 	feedback_text_component: height = 0.05
73.5447 	EXP 	feedback_text_component: height = 0.05
73.5447 	EXP 	feedback_text_component: height = 0.05
73.5447 	EXP 	feedback_text_component: text = 'درست'
73.5447 	EXP 	feedback_text_component: autoDraw = True
74.5734 	EXP 	feedback_text_component: autoDraw = False
74.5734 	EXP 	plus_image: autoDraw = True
75.5755 	EXP 	New trial (rep=0, index=7): OrderedDict([('cue_image', 'images/circle'), ('image_text', 'right'), ('stop_voice_flag', 0), ('corr_resp', 'right')])
75.5768 	WARNING 	Requested image 'images/circle' not found but similar filename 'images/circle.png' exists. This will be used instead but changing the filename is advised.
75.6190 	EXP 	plus_image: autoDraw = False
75.6190 	EXP 	image: image = 'images/circle'
75.6190 	EXP 	text: height = 0.05
75.6190 	EXP 	text: height = 0.05
75.6190 	EXP 	text: height = 0.05
75.6190 	EXP 	text: text = 'راست'
75.6190 	EXP 	image: autoDraw = True
75.6190 	EXP 	text: autoDraw = True
76.2821 	DATA 	Keypress: right
76.3258 	EXP 	image: autoDraw = False
76.3258 	EXP 	text: autoDraw = False
76.3258 	EXP 	feedback_text_component: foreColor = 'green'
76.3258 	EXP 	feedback_text_component: height = 0.05
76.3258 	EXP 	feedback_text_component: height = 0.05
76.3258 	EXP 	feedback_text_component: height = 0.05
76.3258 	EXP 	feedback_text_component: text = 'درست'
76.3258 	EXP 	feedback_text_component: autoDraw = True
77.3328 	EXP 	feedback_text_component: autoDraw = False
77.3328 	EXP 	plus_image: autoDraw = True
78.3340 	EXP 	New trial (rep=1, index=0): OrderedDict([('cue_image', 'images/square'), ('image_text', 'left'), ('stop_voice_flag', 0), ('corr_resp', 'left')])
78.3391 	WARNING 	Requested image 'images/square' not found but similar filename 'images/square.png' exists. This will be used instead but changing the filename is advised.
78.3793 	EXP 	plus_image: autoDraw = False
78.3793 	EXP 	image: image = 'images/square'
78.3793 	EXP 	text: height = 0.05
78.3793 	EXP 	text: height = 0.05
78.3793 	EXP 	text: height = 0.05
78.3793 	EXP 	text: text = 'چپ'
78.3793 	EXP 	image: autoDraw = True
78.3793 	EXP 	text: autoDraw = True
79.1427 	DATA 	Keypress: left
79.1490 	EXP 	image: autoDraw = False
79.1490 	EXP 	text: autoDraw = False
79.1490 	EXP 	feedback_text_component: foreColor = 'green'
79.1490 	EXP 	feedback_text_component: height = 0.05
79.1490 	EXP 	feedback_text_component: height = 0.05
79.1490 	EXP 	feedback_text_component: height = 0.05
79.1490 	EXP 	feedback_text_component: text = 'درست'
79.1490 	EXP 	feedback_text_component: autoDraw = True
80.1624 	EXP 	feedback_text_component: autoDraw = False
80.1624 	EXP 	plus_image: autoDraw = True
81.1780 	EXP 	New trial (rep=1, index=1): OrderedDict([('cue_image', 'images/circle'), ('image_text', 'No'), ('stop_voice_flag', 1), ('corr_resp', 'None')])
81.1787 	WARNING 	Requested image 'images/circle' not found but similar filename 'images/circle.png' exists. This will be used instead but changing the filename is advised.
81.2118 	EXP 	plus_image: autoDraw = False
81.2118 	EXP 	image: image = 'images/circle'
81.2118 	EXP 	text: height = 0.05
81.2118 	EXP 	text: height = 0.05
81.2118 	EXP 	text: height = 0.05
81.2118 	EXP 	text: text = 'هیچ'
81.2118 	EXP 	image: autoDraw = True
81.2118 	EXP 	text: autoDraw = True
82.2294 	EXP 	image: autoDraw = False
82.2294 	EXP 	text: autoDraw = False
83.2466 	EXP 	image: autoDraw = False
83.2466 	EXP 	text: autoDraw = False
83.2466 	EXP 	feedback_text_component: foreColor = 'green'
83.2466 	EXP 	feedback_text_component: height = 0.05
83.2466 	EXP 	feedback_text_component: height = 0.05
83.2466 	EXP 	feedback_text_component: height = 0.05
83.2466 	EXP 	feedback_text_component: text = 'درست'
83.2466 	EXP 	feedback_text_component: autoDraw = True
84.2427 	EXP 	feedback_text_component: autoDraw = False
84.2427 	EXP 	plus_image: autoDraw = True
85.2443 	EXP 	New trial (rep=1, index=2): OrderedDict([('cue_image', 'images/square'), ('image_text', 'left'), ('stop_voice_flag', 0), ('corr_resp', 'left')])
85.2452 	WARNING 	Requested image 'images/square' not found but similar filename 'images/square.png' exists. This will be used instead but changing the filename is advised.
85.2895 	EXP 	plus_image: autoDraw = False
85.2895 	EXP 	image: image = 'images/square'
85.2895 	EXP 	text: height = 0.05
85.2895 	EXP 	text: height = 0.05
85.2895 	EXP 	text: height = 0.05
85.2895 	EXP 	text: text = 'چپ'
85.2895 	EXP 	image: autoDraw = True
85.2895 	EXP 	text: autoDraw = True
86.0036 	DATA 	Keypress: left
86.0114 	EXP 	image: autoDraw = False
86.0114 	EXP 	text: autoDraw = False
86.0114 	EXP 	feedback_text_component: foreColor = 'green'
86.0114 	EXP 	feedback_text_component: height = 0.05
86.0114 	EXP 	feedback_text_component: height = 0.05
86.0114 	EXP 	feedback_text_component: height = 0.05
86.0114 	EXP 	feedback_text_component: text = 'درست'
86.0114 	EXP 	feedback_text_component: autoDraw = True
87.0067 	EXP 	feedback_text_component: autoDraw = False
87.0067 	EXP 	plus_image: autoDraw = True
88.0080 	EXP 	New trial (rep=1, index=3): OrderedDict([('cue_image', 'images/square'), ('image_text', 'left'), ('stop_voice_flag', 0), ('corr_resp', 'left')])
88.0087 	WARNING 	Requested image 'images/square' not found but similar filename 'images/square.png' exists. This will be used instead but changing the filename is advised.
88.0439 	EXP 	plus_image: autoDraw = False
88.0439 	EXP 	image: image = 'images/square'
88.0439 	EXP 	text: height = 0.05
88.0439 	EXP 	text: height = 0.05
88.0439 	EXP 	text: height = 0.05
88.0439 	EXP 	text: text = 'چپ'
88.0439 	EXP 	image: autoDraw = True
88.0439 	EXP 	text: autoDraw = True
88.8450 	DATA 	Keypress: left
88.8516 	EXP 	image: autoDraw = False
88.8516 	EXP 	text: autoDraw = False
88.8516 	EXP 	feedback_text_component: foreColor = 'green'
88.8516 	EXP 	feedback_text_component: height = 0.05
88.8516 	EXP 	feedback_text_component: height = 0.05
88.8516 	EXP 	feedback_text_component: height = 0.05
88.8516 	EXP 	feedback_text_component: text = 'درست'
88.8516 	EXP 	feedback_text_component: autoDraw = True
89.8543 	EXP 	feedback_text_component: autoDraw = False
89.8543 	EXP 	plus_image: autoDraw = True
90.8408 	EXP 	New trial (rep=1, index=4): OrderedDict([('cue_image', 'images/circle'), ('image_text', 'right'), ('stop_voice_flag', 0), ('corr_resp', 'right')])
90.8414 	WARNING 	Requested image 'images/circle' not found but similar filename 'images/circle.png' exists. This will be used instead but changing the filename is advised.
90.8859 	EXP 	plus_image: autoDraw = False
90.8859 	EXP 	image: image = 'images/circle'
90.8859 	EXP 	text: height = 0.05
90.8859 	EXP 	text: height = 0.05
90.8859 	EXP 	text: height = 0.05
90.8859 	EXP 	text: text = 'راست'
90.8859 	EXP 	image: autoDraw = True
90.8859 	EXP 	text: autoDraw = True
91.8856 	EXP 	image: autoDraw = False
91.8856 	EXP 	text: autoDraw = False
91.9256 	DATA 	Keypress: right
91.9323 	EXP 	image: autoDraw = False
91.9323 	EXP 	text: autoDraw = False
91.9323 	EXP 	feedback_text_component: foreColor = 'green'
91.9323 	EXP 	feedback_text_component: height = 0.05
91.9323 	EXP 	feedback_text_component: height = 0.05
91.9323 	EXP 	feedback_text_component: height = 0.05
91.9323 	EXP 	feedback_text_component: text = 'درست'
91.9323 	EXP 	feedback_text_component: autoDraw = True
92.9489 	EXP 	feedback_text_component: autoDraw = False
92.9489 	EXP 	plus_image: autoDraw = True
93.9368 	EXP 	New trial (rep=1, index=5): OrderedDict([('cue_image', 'images/circle'), ('image_text', 'right'), ('stop_voice_flag', 0), ('corr_resp', 'right')])
93.9378 	WARNING 	Requested image 'images/circle' not found but similar filename 'images/circle.png' exists. This will be used instead but changing the filename is advised.
93.9802 	EXP 	plus_image: autoDraw = False
93.9802 	EXP 	image: image = 'images/circle'
93.9802 	EXP 	text: height = 0.05
93.9802 	EXP 	text: height = 0.05
93.9802 	EXP 	text: height = 0.05
93.9802 	EXP 	text: text = 'راست'
93.9802 	EXP 	image: autoDraw = True
93.9802 	EXP 	text: autoDraw = True
94.5490 	DATA 	Keypress: right
94.5581 	EXP 	image: autoDraw = False
94.5581 	EXP 	text: autoDraw = False
94.5581 	EXP 	feedback_text_component: foreColor = 'green'
94.5581 	EXP 	feedback_text_component: height = 0.05
94.5581 	EXP 	feedback_text_component: height = 0.05
94.5581 	EXP 	feedback_text_component: height = 0.05
94.5581 	EXP 	feedback_text_component: text = 'درست'
94.5581 	EXP 	feedback_text_component: autoDraw = True
95.5492 	EXP 	feedback_text_component: autoDraw = False
95.5492 	EXP 	plus_image: autoDraw = True
96.5487 	EXP 	New trial (rep=1, index=6): OrderedDict([('cue_image', 'images/square'), ('image_text', 'No'), ('stop_voice_flag', 1), ('corr_resp', 'None')])
96.5493 	WARNING 	Requested image 'images/square' not found but similar filename 'images/square.png' exists. This will be used instead but changing the filename is advised.
96.5924 	EXP 	plus_image: autoDraw = False
96.5924 	EXP 	image: image = 'images/square'
96.5924 	EXP 	text: height = 0.05
96.5924 	EXP 	text: height = 0.05
96.5924 	EXP 	text: height = 0.05
96.5924 	EXP 	text: text = 'هیچ'
96.5924 	EXP 	image: autoDraw = True
96.5924 	EXP 	text: autoDraw = True
97.2993 	DATA 	Keypress: left
97.3069 	EXP 	image: autoDraw = False
97.3069 	EXP 	text: autoDraw = False
97.3069 	EXP 	feedback_text_component: foreColor = 'red'
97.3069 	EXP 	feedback_text_component: height = 0.05
97.3069 	EXP 	feedback_text_component: height = 0.05
97.3069 	EXP 	feedback_text_component: height = 0.05
97.3069 	EXP 	feedback_text_component: text = 'نادرست'
97.3069 	EXP 	feedback_text_component: autoDraw = True
98.3129 	EXP 	feedback_text_component: autoDraw = False
98.3129 	EXP 	plus_image: autoDraw = True
99.3143 	EXP 	New trial (rep=1, index=7): OrderedDict([('cue_image', 'images/circle'), ('image_text', 'right'), ('stop_voice_flag', 0), ('corr_resp', 'right')])
99.3153 	WARNING 	Requested image 'images/circle' not found but similar filename 'images/circle.png' exists. This will be used instead but changing the filename is advised.
99.3517 	EXP 	plus_image: autoDraw = False
99.3517 	EXP 	image: image = 'images/circle'
99.3517 	EXP 	text: height = 0.05
99.3517 	EXP 	text: height = 0.05
99.3517 	EXP 	text: height = 0.05
99.3517 	EXP 	text: text = 'راست'
99.3517 	EXP 	image: autoDraw = True
99.3517 	EXP 	text: autoDraw = True
100.0942 	DATA 	Keypress: right
100.1015 	EXP 	image: autoDraw = False
100.1015 	EXP 	text: autoDraw = False
100.1015 	EXP 	feedback_text_component: foreColor = 'green'
100.1015 	EXP 	feedback_text_component: height = 0.05
100.1015 	EXP 	feedback_text_component: height = 0.05
100.1015 	EXP 	feedback_text_component: height = 0.05
100.1015 	EXP 	feedback_text_component: text = 'درست'
100.1015 	EXP 	feedback_text_component: autoDraw = True
101.0944 	EXP 	feedback_text_component: autoDraw = False
101.0944 	EXP 	plus_image: autoDraw = True
102.0931 	EXP 	New trial (rep=2, index=0): OrderedDict([('cue_image', 'images/square'), ('image_text', 'left'), ('stop_voice_flag', 0), ('corr_resp', 'left')])
102.0936 	WARNING 	Requested image 'images/square' not found but similar filename 'images/square.png' exists. This will be used instead but changing the filename is advised.
102.1326 	EXP 	plus_image: autoDraw = False
102.1326 	EXP 	image: image = 'images/square'
102.1326 	EXP 	text: height = 0.05
102.1326 	EXP 	text: height = 0.05
102.1326 	EXP 	text: height = 0.05
102.1326 	EXP 	text: text = 'چپ'
102.1326 	EXP 	image: autoDraw = True
102.1326 	EXP 	text: autoDraw = True
102.7867 	DATA 	Keypress: left
102.7937 	EXP 	image: autoDraw = False
102.7937 	EXP 	text: autoDraw = False
102.7937 	EXP 	feedback_text_component: foreColor = 'green'
102.7937 	EXP 	feedback_text_component: height = 0.05
102.7937 	EXP 	feedback_text_component: height = 0.05
102.7937 	EXP 	feedback_text_component: height = 0.05
102.7937 	EXP 	feedback_text_component: text = 'درست'
102.7937 	EXP 	feedback_text_component: autoDraw = True
103.8080 	EXP 	feedback_text_component: autoDraw = False
103.8080 	EXP 	plus_image: autoDraw = True
104.7917 	EXP 	New trial (rep=2, index=1): OrderedDict([('cue_image', 'images/circle'), ('image_text', 'right'), ('stop_voice_flag', 0), ('corr_resp', 'right')])
104.7922 	WARNING 	Requested image 'images/circle' not found but similar filename 'images/circle.png' exists. This will be used instead but changing the filename is advised.
104.8303 	EXP 	plus_image: autoDraw = False
104.8303 	EXP 	image: image = 'images/circle'
104.8303 	EXP 	text: height = 0.05
104.8303 	EXP 	text: height = 0.05
104.8303 	EXP 	text: height = 0.05
104.8303 	EXP 	text: text = 'راست'
104.8303 	EXP 	image: autoDraw = True
104.8303 	EXP 	text: autoDraw = True
105.4118 	DATA 	Keypress: right
105.4196 	EXP 	image: autoDraw = False
105.4196 	EXP 	text: autoDraw = False
105.4196 	EXP 	feedback_text_component: foreColor = 'green'
105.4196 	EXP 	feedback_text_component: height = 0.05
105.4196 	EXP 	feedback_text_component: height = 0.05
105.4196 	EXP 	feedback_text_component: height = 0.05
105.4196 	EXP 	feedback_text_component: text = 'درست'
105.4196 	EXP 	feedback_text_component: autoDraw = True
106.4208 	EXP 	feedback_text_component: autoDraw = False
106.4208 	EXP 	plus_image: autoDraw = True
107.4087 	EXP 	New trial (rep=2, index=2): OrderedDict([('cue_image', 'images/square'), ('image_text', 'left'), ('stop_voice_flag', 0), ('corr_resp', 'left')])
107.4103 	WARNING 	Requested image 'images/square' not found but similar filename 'images/square.png' exists. This will be used instead but changing the filename is advised.
107.4534 	EXP 	plus_image: autoDraw = False
107.4534 	EXP 	image: image = 'images/square'
107.4534 	EXP 	text: height = 0.05
107.4534 	EXP 	text: height = 0.05
107.4534 	EXP 	text: height = 0.05
107.4534 	EXP 	text: text = 'چپ'
107.4534 	EXP 	image: autoDraw = True
107.4534 	EXP 	text: autoDraw = True
108.1298 	DATA 	Keypress: left
108.1366 	EXP 	image: autoDraw = False
108.1366 	EXP 	text: autoDraw = False
108.1366 	EXP 	feedback_text_component: foreColor = 'green'
108.1366 	EXP 	feedback_text_component: height = 0.05
108.1366 	EXP 	feedback_text_component: height = 0.05
108.1366 	EXP 	feedback_text_component: height = 0.05
108.1366 	EXP 	feedback_text_component: text = 'درست'
108.1366 	EXP 	feedback_text_component: autoDraw = True
109.1388 	EXP 	feedback_text_component: autoDraw = False
109.1388 	EXP 	plus_image: autoDraw = True
110.1245 	EXP 	New trial (rep=2, index=3): OrderedDict([('cue_image', 'images/square'), ('image_text', 'left'), ('stop_voice_flag', 0), ('corr_resp', 'left')])
110.1253 	WARNING 	Requested image 'images/square' not found but similar filename 'images/square.png' exists. This will be used instead but changing the filename is advised.
110.1670 	EXP 	plus_image: autoDraw = False
110.1670 	EXP 	image: image = 'images/square'
110.1670 	EXP 	text: height = 0.05
110.1670 	EXP 	text: height = 0.05
110.1670 	EXP 	text: height = 0.05
110.1670 	EXP 	text: text = 'چپ'
110.1670 	EXP 	image: autoDraw = True
110.1670 	EXP 	text: autoDraw = True
110.9343 	DATA 	Keypress: left
110.9410 	EXP 	image: autoDraw = False
110.9410 	EXP 	text: autoDraw = False
110.9410 	EXP 	feedback_text_component: foreColor = 'green'
110.9410 	EXP 	feedback_text_component: height = 0.05
110.9410 	EXP 	feedback_text_component: height = 0.05
110.9410 	EXP 	feedback_text_component: height = 0.05
110.9410 	EXP 	feedback_text_component: text = 'درست'
110.9410 	EXP 	feedback_text_component: autoDraw = True
111.9295 	EXP 	feedback_text_component: autoDraw = False
111.9295 	EXP 	plus_image: autoDraw = True
112.9367 	EXP 	New trial (rep=2, index=4): OrderedDict([('cue_image', 'images/circle'), ('image_text', 'No'), ('stop_voice_flag', 1), ('corr_resp', 'None')])
112.9374 	WARNING 	Requested image 'images/circle' not found but similar filename 'images/circle.png' exists. This will be used instead but changing the filename is advised.
112.9808 	EXP 	plus_image: autoDraw = False
112.9808 	EXP 	image: image = 'images/circle'
112.9808 	EXP 	text: height = 0.05
112.9808 	EXP 	text: height = 0.05
112.9808 	EXP 	text: height = 0.05
112.9808 	EXP 	text: text = 'هیچ'
112.9808 	EXP 	image: autoDraw = True
112.9808 	EXP 	text: autoDraw = True
113.9844 	EXP 	image: autoDraw = False
113.9844 	EXP 	text: autoDraw = False
115.0067 	EXP 	image: autoDraw = False
115.0067 	EXP 	text: autoDraw = False
115.0067 	EXP 	feedback_text_component: foreColor = 'green'
115.0067 	EXP 	feedback_text_component: height = 0.05
115.0067 	EXP 	feedback_text_component: height = 0.05
115.0067 	EXP 	feedback_text_component: height = 0.05
115.0067 	EXP 	feedback_text_component: text = 'درست'
115.0067 	EXP 	feedback_text_component: autoDraw = True
116.0113 	EXP 	feedback_text_component: autoDraw = False
116.0113 	EXP 	plus_image: autoDraw = True
117.0150 	EXP 	New trial (rep=2, index=5): OrderedDict([('cue_image', 'images/square'), ('image_text', 'No'), ('stop_voice_flag', 1), ('corr_resp', 'None')])
117.0159 	WARNING 	Requested image 'images/square' not found but similar filename 'images/square.png' exists. This will be used instead but changing the filename is advised.
117.0533 	EXP 	plus_image: autoDraw = False
117.0533 	EXP 	image: image = 'images/square'
117.0533 	EXP 	text: height = 0.05
117.0533 	EXP 	text: height = 0.05
117.0533 	EXP 	text: height = 0.05
117.0533 	EXP 	text: text = 'هیچ'
117.0533 	EXP 	image: autoDraw = True
117.0533 	EXP 	text: autoDraw = True
118.0651 	EXP 	image: autoDraw = False
118.0651 	EXP 	text: autoDraw = False
119.0829 	EXP 	image: autoDraw = False
119.0829 	EXP 	text: autoDraw = False
119.0829 	EXP 	feedback_text_component: foreColor = 'green'
119.0829 	EXP 	feedback_text_component: height = 0.05
119.0829 	EXP 	feedback_text_component: height = 0.05
119.0829 	EXP 	feedback_text_component: height = 0.05
119.0829 	EXP 	feedback_text_component: text = 'درست'
119.0829 	EXP 	feedback_text_component: autoDraw = True
120.0823 	EXP 	feedback_text_component: autoDraw = False
120.0823 	EXP 	plus_image: autoDraw = True
121.0771 	EXP 	New trial (rep=2, index=6): OrderedDict([('cue_image', 'images/circle'), ('image_text', 'right'), ('stop_voice_flag', 0), ('corr_resp', 'right')])
121.0781 	WARNING 	Requested image 'images/circle' not found but similar filename 'images/circle.png' exists. This will be used instead but changing the filename is advised.
121.1127 	EXP 	plus_image: autoDraw = False
121.1127 	EXP 	image: image = 'images/circle'
121.1127 	EXP 	text: height = 0.05
121.1127 	EXP 	text: height = 0.05
121.1127 	EXP 	text: height = 0.05
121.1127 	EXP 	text: text = 'راست'
121.1127 	EXP 	image: autoDraw = True
121.1127 	EXP 	text: autoDraw = True
121.7297 	DATA 	Keypress: right
121.7362 	EXP 	image: autoDraw = False
121.7362 	EXP 	text: autoDraw = False
121.7362 	EXP 	feedback_text_component: foreColor = 'green'
121.7362 	EXP 	feedback_text_component: height = 0.05
121.7362 	EXP 	feedback_text_component: height = 0.05
121.7362 	EXP 	feedback_text_component: height = 0.05
121.7362 	EXP 	feedback_text_component: text = 'درست'
121.7362 	EXP 	feedback_text_component: autoDraw = True
122.7431 	EXP 	feedback_text_component: autoDraw = False
122.7431 	EXP 	plus_image: autoDraw = True
123.7440 	EXP 	New trial (rep=2, index=7): OrderedDict([('cue_image', 'images/circle'), ('image_text', 'right'), ('stop_voice_flag', 0), ('corr_resp', 'right')])
123.7447 	WARNING 	Requested image 'images/circle' not found but similar filename 'images/circle.png' exists. This will be used instead but changing the filename is advised.
123.7902 	EXP 	plus_image: autoDraw = False
123.7902 	EXP 	image: image = 'images/circle'
123.7902 	EXP 	text: height = 0.05
123.7902 	EXP 	text: height = 0.05
123.7902 	EXP 	text: height = 0.05
123.7902 	EXP 	text: text = 'راست'
123.7902 	EXP 	image: autoDraw = True
123.7902 	EXP 	text: autoDraw = True
124.4143 	DATA 	Keypress: right
124.4212 	EXP 	image: autoDraw = False
124.4212 	EXP 	text: autoDraw = False
124.4212 	EXP 	feedback_text_component: foreColor = 'green'
124.4212 	EXP 	feedback_text_component: height = 0.05
124.4212 	EXP 	feedback_text_component: height = 0.05
124.4212 	EXP 	feedback_text_component: height = 0.05
124.4212 	EXP 	feedback_text_component: text = 'درست'
124.4212 	EXP 	feedback_text_component: autoDraw = True
125.4184 	EXP 	feedback_text_component: autoDraw = False
125.4184 	EXP 	plus_image: autoDraw = True
126.4255 	EXP 	New trial (rep=3, index=0): OrderedDict([('cue_image', 'images/square'), ('image_text', 'left'), ('stop_voice_flag', 0), ('corr_resp', 'left')])
126.4261 	WARNING 	Requested image 'images/square' not found but similar filename 'images/square.png' exists. This will be used instead but changing the filename is advised.
126.4672 	EXP 	plus_image: autoDraw = False
126.4672 	EXP 	image: image = 'images/square'
126.4672 	EXP 	text: height = 0.05
126.4672 	EXP 	text: height = 0.05
126.4672 	EXP 	text: height = 0.05
126.4672 	EXP 	text: text = 'چپ'
126.4672 	EXP 	image: autoDraw = True
126.4672 	EXP 	text: autoDraw = True
127.0024 	DATA 	Keypress: left
127.0103 	EXP 	image: autoDraw = False
127.0103 	EXP 	text: autoDraw = False
127.0103 	EXP 	feedback_text_component: foreColor = 'green'
127.0103 	EXP 	feedback_text_component: height = 0.05
127.0103 	EXP 	feedback_text_component: height = 0.05
127.0103 	EXP 	feedback_text_component: height = 0.05
127.0103 	EXP 	feedback_text_component: text = 'درست'
127.0103 	EXP 	feedback_text_component: autoDraw = True
128.0048 	EXP 	feedback_text_component: autoDraw = False
128.0048 	EXP 	plus_image: autoDraw = True
129.0047 	EXP 	New trial (rep=3, index=1): OrderedDict([('cue_image', 'images/circle'), ('image_text', 'No'), ('stop_voice_flag', 1), ('corr_resp', 'None')])
129.0053 	WARNING 	Requested image 'images/circle' not found but similar filename 'images/circle.png' exists. This will be used instead but changing the filename is advised.
129.0418 	EXP 	plus_image: autoDraw = False
129.0418 	EXP 	image: image = 'images/circle'
129.0418 	EXP 	text: height = 0.05
129.0418 	EXP 	text: height = 0.05
129.0418 	EXP 	text: height = 0.05
129.0418 	EXP 	text: text = 'هیچ'
129.0418 	EXP 	image: autoDraw = True
129.0418 	EXP 	text: autoDraw = True
130.0519 	EXP 	image: autoDraw = False
130.0519 	EXP 	text: autoDraw = False
131.0525 	EXP 	image: autoDraw = False
131.0525 	EXP 	text: autoDraw = False
131.0525 	EXP 	feedback_text_component: foreColor = 'green'
131.0525 	EXP 	feedback_text_component: height = 0.05
131.0525 	EXP 	feedback_text_component: height = 0.05
131.0525 	EXP 	feedback_text_component: height = 0.05
131.0525 	EXP 	feedback_text_component: text = 'درست'
131.0525 	EXP 	feedback_text_component: autoDraw = True
132.0730 	EXP 	feedback_text_component: autoDraw = False
132.0730 	EXP 	plus_image: autoDraw = True
133.0749 	EXP 	New trial (rep=3, index=2): OrderedDict([('cue_image', 'images/square'), ('image_text', 'left'), ('stop_voice_flag', 0), ('corr_resp', 'left')])
133.0757 	WARNING 	Requested image 'images/square' not found but similar filename 'images/square.png' exists. This will be used instead but changing the filename is advised.
133.1180 	EXP 	plus_image: autoDraw = False
133.1180 	EXP 	image: image = 'images/square'
133.1180 	EXP 	text: height = 0.05
133.1180 	EXP 	text: height = 0.05
133.1180 	EXP 	text: height = 0.05
133.1180 	EXP 	text: text = 'چپ'
133.1180 	EXP 	image: autoDraw = True
133.1180 	EXP 	text: autoDraw = True
134.1202 	EXP 	image: autoDraw = False
134.1202 	EXP 	text: autoDraw = False
134.2325 	DATA 	Keypress: left
134.2390 	EXP 	image: autoDraw = False
134.2390 	EXP 	text: autoDraw = False
134.2390 	EXP 	feedback_text_component: foreColor = 'green'
134.2390 	EXP 	feedback_text_component: height = 0.05
134.2390 	EXP 	feedback_text_component: height = 0.05
134.2390 	EXP 	feedback_text_component: height = 0.05
134.2390 	EXP 	feedback_text_component: text = 'درست'
134.2390 	EXP 	feedback_text_component: autoDraw = True
135.2491 	EXP 	feedback_text_component: autoDraw = False
135.2491 	EXP 	plus_image: autoDraw = True
136.2466 	EXP 	New trial (rep=3, index=3): OrderedDict([('cue_image', 'images/square'), ('image_text', 'left'), ('stop_voice_flag', 0), ('corr_resp', 'left')])
136.2470 	WARNING 	Requested image 'images/square' not found but similar filename 'images/square.png' exists. This will be used instead but changing the filename is advised.
136.2930 	EXP 	plus_image: autoDraw = False
136.2930 	EXP 	image: image = 'images/square'
136.2930 	EXP 	text: height = 0.05
136.2930 	EXP 	text: height = 0.05
136.2930 	EXP 	text: height = 0.05
136.2930 	EXP 	text: text = 'چپ'
136.2930 	EXP 	image: autoDraw = True
136.2930 	EXP 	text: autoDraw = True
136.6992 	DATA 	Keypress: escape
137.5160 	EXP 	window1: mouseVisible = True
